<?xml version="1.0" encoding="UTF-8"?>
<!-- Generated by org.testng.reporters.JUnitReportReporter -->
<testsuite hostname="DESKTOP-8DHIH98" failures="0" tests="1" name="ajd.bas" time="38.200" errors="0" timestamp="2022-05-20T13:07:16 IST" skipped="0">
  <testcase classname="ajd.bas" name="forget" time="38.200"/>
  <system-out/>
</testsuite> <!-- ajd.bas -->
