<?xml version="1.0" encoding="UTF-8"?>
<!-- Generated by org.testng.reporters.JUnitReportReporter -->
<testsuite hostname="DESKTOP-8DHIH98" failures="0" tests="3" name="ajd.hashTable" time="104.328" errors="0" timestamp="2022-05-18T19:35:26 IST" skipped="0">
  <testcase classname="ajd.hashTable" name="test" time="30.458"/>
  <system-out/>
  <testcase classname="ajd.hashTable" name="test" time="34.973"/>
  <system-out/>
  <testcase classname="ajd.hashTable" name="test" time="38.897"/>
  <system-out/>
</testsuite> <!-- ajd.hashTable -->
